TN:
SF:src\presentation\controllers\signup.ts
FN:10,SignUpController
FN:14,handle
FNF:2
FNH:2
FNDA:7,SignUpController
FNDA:7,handle
DA:1,1
DA:2,1
DA:3,1
DA:4,1
DA:5,1
DA:6,1
DA:7,1
DA:8,1
DA:9,1
DA:10,1
DA:11,7
DA:12,7
DA:13,1
DA:14,1
DA:15,7
DA:16,7
DA:17,7
DA:18,22
DA:19,4
DA:20,4
DA:21,22
DA:22,3
DA:23,7
DA:24,1
DA:25,1
DA:26,7
DA:27,1
DA:28,1
DA:29,7
DA:30,1
LF:30
LH:30
BRDA:10,0,0,7
BRDA:14,1,0,7
BRDA:17,2,0,22
BRDA:18,3,0,4
BRDA:22,4,0,3
BRDA:23,5,0,1
BRDA:26,6,0,1
BRF:7
BRH:7
end_of_record
TN:
SF:src\presentation\helpers\http-helpers.ts
FN:4,badRequest
FN:9,serverError
FNF:2
FNH:2
FNDA:5,badRequest
FNDA:1,serverError
DA:1,1
DA:2,1
DA:3,1
DA:4,1
DA:5,5
DA:6,5
DA:7,5
DA:8,1
DA:9,1
DA:10,1
DA:11,1
DA:12,1
LF:12
LH:12
BRDA:4,0,0,5
BRDA:9,1,0,1
BRF:2
BRH:2
end_of_record
